c:\users\hwang\desktop\project1\project1\x64\debug\vc140.pdb
c:\users\hwang\desktop\project1\project1\x64\debug\vc140.idb
c:\users\hwang\desktop\project1\project1\x64\debug\bullet.obj
c:\users\hwang\desktop\project1\project1\x64\debug\bulletmanager.obj
c:\users\hwang\desktop\project1\project1\x64\debug\character.obj
c:\users\hwang\desktop\project1\project1\x64\debug\enemy.obj
c:\users\hwang\desktop\project1\project1\x64\debug\gameobject.obj
c:\users\hwang\desktop\project1\project1\x64\debug\main.obj
c:\users\hwang\desktop\project1\project1\x64\debug\player.obj
c:\users\hwang\desktop\project1\project1\x64\debug\screen.obj
c:\users\hwang\desktop\project1\x64\debug\project1.ilk
c:\users\hwang\desktop\project1\x64\debug\project1.exe
c:\users\hwang\desktop\project1\x64\debug\project1.pdb
c:\users\hwang\desktop\project1\project1\x64\debug\vc141.idb
c:\users\hwang\desktop\project1\project1\x64\debug\vc141.pdb
c:\users\hwang\desktop\project1\project1\x64\debug\project1.tlog\cl.command.1.tlog
c:\users\hwang\desktop\project1\project1\x64\debug\project1.tlog\cl.read.1.tlog
c:\users\hwang\desktop\project1\project1\x64\debug\project1.tlog\cl.write.1.tlog
c:\users\hwang\desktop\project1\project1\x64\debug\project1.tlog\link.command.1.tlog
c:\users\hwang\desktop\project1\project1\x64\debug\project1.tlog\link.read.1.tlog
c:\users\hwang\desktop\project1\project1\x64\debug\project1.tlog\link.write.1.tlog
